2025-04-23 19:52:10.208 | INFO     | utils.logger:<module>:39 - Logging to file: logs\project_log.log
2025-04-23 19:52:10.210 | INFO     | __main__:main:121 - Starting data warehouse creation...
2025-04-23 19:52:10.234 | INFO     | __main__:create_customer_table:51 - customer table created.
2025-04-23 19:52:10.241 | INFO     | __main__:create_product_table:68 - product table created.
2025-04-23 19:52:10.249 | INFO     | __main__:create_sale_table:90 - sale table created.
2025-04-23 19:52:10.250 | INFO     | __main__:create_dw:109 - Data warehouse created successfully.
2025-04-23 19:52:10.251 | INFO     | __main__:main:123 - Data warehouse creation complete.
2025-04-23 20:34:33.062 | INFO     | utils.logger:<module>:39 - Logging to file: logs\project_log.log
2025-04-23 20:34:33.062 | INFO     | __main__:main:41 - Starting data preparation...
2025-04-23 20:34:33.063 | INFO     | __main__:read_raw_data:26 - Reading raw data from C:\Projects\smart-store-final\data\raw\customers_data.csv.
2025-04-23 20:34:33.069 | INFO     | __main__:read_raw_data:26 - Reading raw data from C:\Projects\smart-store-final\data\raw\products_data.csv.
2025-04-23 20:34:33.072 | INFO     | __main__:read_raw_data:26 - Reading raw data from C:\Projects\smart-store-final\data\raw\sales_data.csv.
2025-04-23 20:34:33.075 | INFO     | __main__:main:45 - Data preparation complete.
2025-04-23 20:38:45.987 | INFO     | utils.logger:<module>:39 - Logging to file: logs\project_log.log
2025-04-23 20:38:45.988 | INFO     | __main__:main:200 - ==================================
2025-04-23 20:38:45.988 | INFO     | __main__:main:201 - STARTING prepare_sales_data.py
2025-04-23 20:38:45.989 | INFO     | __main__:main:202 - ==================================
2025-04-23 20:38:45.989 | INFO     | __main__:main:204 - Root project folder: C:\Projects\smart-store-final
2025-04-23 20:38:45.990 | INFO     | __main__:main:205 - data / raw folder: C:\Projects\smart-store-final\data\raw
2025-04-23 20:38:45.990 | INFO     | __main__:main:206 - data / prepared folder: C:\Projects\smart-store-final\data\prepared
2025-04-23 20:38:45.991 | INFO     | __main__:read_raw_data:32 - FUNCTION START: read_raw_data with file_name=sales_data.csv
2025-04-23 20:38:45.991 | INFO     | __main__:read_raw_data:34 - Reading data from C:\Projects\smart-store-final\data\raw\sales_data.csv
2025-04-23 20:38:45.999 | INFO     | __main__:read_raw_data:36 - Loaded dataframe with 94 rows and 8 columns
2025-04-23 20:38:46.000 | INFO     | __main__:main:215 - Initial dataframe columns: SaleDate, CustomerID, ProductID, StoreID, CampaignID, SaleAmount, BonusPoints, PaymentType
2025-04-23 20:38:46.001 | INFO     | __main__:main:216 - Initial dataframe shape: (94, 8)
2025-04-23 20:38:46.003 | INFO     | __main__:main:225 - Cleaned column names: SaleDate -> saledate, CustomerID -> customerid, ProductID -> productid, StoreID -> storeid, CampaignID -> campaignid, SaleAmount -> saleamount, BonusPoints -> bonuspoints, PaymentType -> paymenttype
2025-04-23 20:38:46.004 | INFO     | __main__:remove_duplicates:69 - FUNCTION START: remove_duplicates with dataframe shape=(94, 8)
2025-04-23 20:38:46.007 | INFO     | __main__:remove_duplicates:79 - Removed 1 duplicate rows
2025-04-23 20:38:46.008 | INFO     | __main__:remove_duplicates:80 - 93 records remaining after removing duplicates.
2025-04-23 20:38:46.008 | INFO     | __main__:handle_missing_values:94 - FUNCTION START: handle_missing_values with dataframe shape=(93, 8)
2025-04-23 20:38:46.010 | INFO     | __main__:handle_missing_values:99 - Missing values by column before handling:
saledate       0
customerid     0
productid      0
storeid        0
campaignid     0
saleamount     0
bonuspoints    0
paymenttype    0
dtype: int64
2025-04-23 20:38:46.011 | INFO     | __main__:handle_missing_values:113 - Missing values by column after handling:
saledate       0
customerid     0
productid      0
storeid        0
campaignid     0
saleamount     0
bonuspoints    0
paymenttype    0
dtype: int64
2025-04-23 20:38:46.013 | INFO     | __main__:handle_missing_values:114 - 93 records remaining after handling missing values.
2025-04-23 20:38:46.013 | INFO     | __main__:standardize_formats:161 - FUNCTION START: standardize_formats with dataframe shape=(93, 8)
2025-04-23 20:38:46.014 | INFO     | __main__:standardize_formats:171 - Completed standardizing formats
2025-04-23 20:38:46.014 | INFO     | __main__:remove_outliers:128 - FUNCTION START: remove_outliers with dataframe shape=(93, 8)
2025-04-23 20:38:46.015 | INFO     | __main__:remove_outliers:147 - Removed 0 outlier rows
2025-04-23 20:38:46.016 | INFO     | __main__:remove_outliers:148 - 93 records remaining after removing outliers.
2025-04-23 20:38:46.016 | INFO     | __main__:validate_data:184 - FUNCTION START: validate_data with dataframe shape=(93, 8)
2025-04-23 20:38:46.017 | INFO     | __main__:validate_data:193 - Data validation complete
2025-04-23 20:38:46.018 | INFO     | __main__:save_prepared_data:54 - FUNCTION START: save_prepared_data with file_name=sales_data_prepared.csv, dataframe shape=(93, 8)
2025-04-23 20:38:46.022 | INFO     | __main__:save_prepared_data:57 - Data saved to C:\Projects\smart-store-final\data\prepared\sales_data_prepared.csv
2025-04-23 20:38:46.023 | INFO     | __main__:main:237 - ==================================
2025-04-23 20:38:46.023 | INFO     | __main__:main:238 - FINISHED prepare_sales_data.py
2025-04-23 20:38:46.024 | INFO     | __main__:main:239 - ==================================
2025-04-23 20:38:57.588 | INFO     | utils.logger:<module>:39 - Logging to file: logs\project_log.log
2025-04-23 20:38:57.588 | INFO     | __main__:main:162 - ==================================
2025-04-23 20:38:57.589 | INFO     | __main__:main:163 - STARTING prepare_customers_data.py
2025-04-23 20:38:57.589 | INFO     | __main__:main:164 - ==================================
2025-04-23 20:38:57.590 | INFO     | __main__:main:166 - Root project folder: C:\Projects\smart-store-final
2025-04-23 20:38:57.591 | INFO     | __main__:main:167 - data / raw folder: C:\Projects\smart-store-final\data\raw
2025-04-23 20:38:57.591 | INFO     | __main__:main:168 - data / prepared folder: C:\Projects\smart-store-final\data\prepared
2025-04-23 20:38:57.592 | INFO     | __main__:main:169 - scripts folder: C:\Projects\smart-store-final\scripts
2025-04-23 20:38:57.592 | INFO     | __main__:read_raw_data:66 - FUNCTION START: read_raw_data with file_name=customers_data.csv
2025-04-23 20:38:57.593 | INFO     | __main__:read_raw_data:68 - Reading data from C:\Projects\smart-store-final\data\raw\customers_data.csv
2025-04-23 20:38:57.599 | INFO     | __main__:read_raw_data:70 - Loaded dataframe with 11 rows and 6 columns
2025-04-23 20:38:57.600 | INFO     | __main__:main:178 - Initial dataframe columns: CustomerID, Name, Region, JoinDate, LoyaltyPoints, PreferredContactMethod
2025-04-23 20:38:57.600 | INFO     | __main__:main:179 - Initial dataframe shape: (11, 6)
2025-04-23 20:38:57.602 | INFO     | __main__:remove_duplicates:98 - FUNCTION START: remove_duplicates with dataframe shape=(11, 6)
2025-04-23 20:38:57.603 | INFO     | __main__:remove_duplicates:102 - Removed 0 duplicate rows
2025-04-23 20:38:57.604 | INFO     | __main__:remove_duplicates:103 - 11 records remaining after removing duplicates.
2025-04-23 20:38:57.604 | INFO     | __main__:handle_missing_values:117 - FUNCTION START: handle_missing_values with dataframe shape=(11, 6)
2025-04-23 20:38:57.605 | INFO     | __main__:handle_missing_values:121 - Total missing values before handling: 0
2025-04-23 20:38:57.606 | INFO     | __main__:handle_missing_values:130 - Total missing values after handling: 0
2025-04-23 20:38:57.606 | INFO     | __main__:handle_missing_values:131 - 11 records remaining after handling missing values.
2025-04-23 20:38:57.607 | INFO     | __main__:remove_outliers:145 - FUNCTION START: remove_outliers with dataframe shape=(11, 6)
2025-04-23 20:38:57.607 | INFO     | __main__:remove_outliers:153 - Removed 0 outlier rows
2025-04-23 20:38:57.608 | INFO     | __main__:remove_outliers:154 - 11 records remaining after removing outliers.
2025-04-23 20:38:57.608 | INFO     | __main__:save_prepared_data:81 - FUNCTION START: save_prepared_data with file_name=customers_data_prepared.csv, dataframe shape=(11, 6)
2025-04-23 20:38:57.611 | INFO     | __main__:save_prepared_data:84 - Data saved to C:\Projects\smart-store-final\data\prepared\customers_data_prepared.csv
2025-04-23 20:38:57.612 | INFO     | __main__:main:202 - ==================================
2025-04-23 20:38:57.613 | INFO     | __main__:main:203 - FINISHED prepare_customers_data.py
2025-04-23 20:38:57.614 | INFO     | __main__:main:204 - ==================================
2025-04-23 20:39:08.450 | INFO     | utils.logger:<module>:39 - Logging to file: logs\project_log.log
2025-04-23 20:39:08.451 | INFO     | __main__:main:227 - ==================================
2025-04-23 20:39:08.452 | INFO     | __main__:main:228 - STARTING prepare_products_data.py
2025-04-23 20:39:08.452 | INFO     | __main__:main:229 - ==================================
2025-04-23 20:39:08.453 | INFO     | __main__:main:231 - Root project folder: C:\Projects\smart-store-final
2025-04-23 20:39:08.453 | INFO     | __main__:main:232 - data / raw folder: C:\Projects\smart-store-final\data\raw
2025-04-23 20:39:08.454 | INFO     | __main__:main:233 - data / prepared folder: C:\Projects\smart-store-final\data\prepared
2025-04-23 20:39:08.454 | INFO     | __main__:read_raw_data:59 - FUNCTION START: read_raw_data with file_name=products_data.csv
2025-04-23 20:39:08.455 | INFO     | __main__:read_raw_data:61 - Reading data from C:\Projects\smart-store-final\data\raw\products_data.csv
2025-04-23 20:39:08.461 | INFO     | __main__:read_raw_data:63 - Loaded dataframe with 8 rows and 6 columns
2025-04-23 20:39:08.461 | INFO     | __main__:main:242 - Initial dataframe columns: ProductID, ProductName, Category, UnitPrice, StockQuantity, Supplier
2025-04-23 20:39:08.462 | INFO     | __main__:main:243 - Initial dataframe shape: (8, 6)
2025-04-23 20:39:08.464 | INFO     | __main__:main:252 - Cleaned column names: ProductID -> productid, ProductName -> productname, Category -> category, UnitPrice -> unitprice, StockQuantity -> stockquantity, Supplier -> supplier
2025-04-23 20:39:08.464 | INFO     | __main__:remove_duplicates:96 - FUNCTION START: remove_duplicates with dataframe shape=(8, 6)
2025-04-23 20:39:08.466 | INFO     | __main__:remove_duplicates:106 - Removed 0 duplicate rows
2025-04-23 20:39:08.467 | INFO     | __main__:remove_duplicates:107 - 8 records remaining after removing duplicates.
2025-04-23 20:39:08.467 | INFO     | __main__:handle_missing_values:121 - FUNCTION START: handle_missing_values with dataframe shape=(8, 6)
2025-04-23 20:39:08.469 | INFO     | __main__:handle_missing_values:126 - Missing values by column before handling:
productid        0
productname      0
category         0
unitprice        0
stockquantity    0
supplier         0
dtype: int64
2025-04-23 20:39:08.471 | INFO     | __main__:handle_missing_values:140 - Missing values by column after handling:
productid        0
productname      0
category         0
unitprice        0
stockquantity    0
supplier         0
dtype: int64
2025-04-23 20:39:08.472 | INFO     | __main__:handle_missing_values:141 - 8 records remaining after handling missing values.
2025-04-23 20:39:08.472 | INFO     | __main__:standardize_formats:188 - FUNCTION START: standardize_formats with dataframe shape=(8, 6)
2025-04-23 20:39:08.473 | INFO     | __main__:standardize_formats:198 - Completed standardizing formats
2025-04-23 20:39:08.474 | INFO     | __main__:remove_outliers:155 - FUNCTION START: remove_outliers with dataframe shape=(8, 6)
2025-04-23 20:39:08.474 | INFO     | __main__:remove_outliers:174 - Removed 0 outlier rows
2025-04-23 20:39:08.475 | INFO     | __main__:remove_outliers:175 - 8 records remaining after removing outliers.
2025-04-23 20:39:08.475 | INFO     | __main__:validate_data:211 - FUNCTION START: validate_data with dataframe shape=(8, 6)
2025-04-23 20:39:08.476 | INFO     | __main__:validate_data:220 - Data validation complete
2025-04-23 20:39:08.477 | INFO     | __main__:save_prepared_data:81 - FUNCTION START: save_prepared_data with file_name=products_data_prepared.csv, dataframe shape=(8, 6)
2025-04-23 20:39:08.481 | INFO     | __main__:save_prepared_data:84 - Data saved to C:\Projects\smart-store-final\data\prepared\products_data_prepared.csv
2025-04-23 20:39:08.482 | INFO     | __main__:main:264 - ==================================
2025-04-23 20:39:08.482 | INFO     | __main__:main:265 - FINISHED prepare_products_data.py
2025-04-23 20:39:08.483 | INFO     | __main__:main:266 - ==================================
2025-04-23 21:00:34.327 | INFO     | utils.logger:<module>:39 - Logging to file: logs\project_log.log
2025-04-23 21:00:34.328 | INFO     | __main__:main:209 - Starting OLAP Cubing process...
2025-04-23 21:00:34.332 | INFO     | __main__:ingest_sales_data_from_dw:113 - Sales data successfully loaded from SQLite data warehouse.
2025-04-23 21:00:34.339 | ERROR    | __main__:create_olap_cube:165 - Error creating OLAP cube: 'store_ID'
